<?xml version="1.0" encoding="UTF-8"?>
<!-- Generated by org.testng.reporters.JUnitReportReporter -->
<testsuite hostname="PRASHANTs-MacBook-Pro.local" failures="0" tests="2" name="ZipGo.CreateReverseTrip.CreateReverseTrip" time="208.234" errors="0" timestamp="17 Nov 2018 17:14:21 GMT" skipped="0">
  <testcase classname="ZipGo.CreateReverseTrip.CreateReverseTrip" name="CreateTestTrip" time="202.086"/>
  <testcase classname="ZipGo.CreateReverseTrip.CreateReverseTrip" name="sendMail" time="6.148"/>
</testsuite> <!-- ZipGo.CreateReverseTrip.CreateReverseTrip -->
